#
# There is insufficient memory for the Java Runtime Environment to continue.
# Native memory allocation (malloc) failed to allocate 1335616 bytes for Chunk::new
# Possible reasons:
#   The system is out of physical RAM or swap space
#   The process is running with CompressedOops enabled, and the Java Heap may be blocking the growth of the native heap
# Possible solutions:
#   Reduce memory load on the system
#   Increase physical memory or swap space
#   Check if swap backing store is full
#   Decrease Java heap size (-Xmx/-Xms)
#   Decrease number of Java threads
#   Decrease Java thread stack sizes (-Xss)
#   Set larger code cache with -XX:ReservedCodeCacheSize=
#   JVM is running with Unscaled Compressed Oops mode in which the Java heap is
#     placed in the first 4GB address space. The Java Heap base address is the
#     maximum limit for the native heap growth. Please use -XX:HeapBaseMinAddress
#     to set the Java Heap base and to place the Java Heap above 4GB virtual address.
# This output file may be truncated or incomplete.
#
#  Out of Memory Error (allocation.cpp:389), pid=11972, tid=0x0000000000001b30
#
# JRE version: OpenJDK Runtime Environment (8.0_202-b03) (build 1.8.0_202-release-1483-b03)
# Java VM: OpenJDK 64-Bit Server VM (25.202-b03 mixed mode windows-amd64 compressed oops)
# Failed to write core dump. Minidumps are not enabled by default on client versions of Windows
#

---------------  T H R E A D  ---------------

Current thread (0x0000000016be8000):  JavaThread "C2 CompilerThread0" daemon [_thread_in_native, id=6960, stack(0x00000000184e0000,0x00000000185e0000)]

Stack: [0x00000000184e0000,0x00000000185e0000]
[error occurred during error reporting (printing stack bounds), id 0xc0000005]

Native frames: (J=compiled Java code, j=interpreted, Vv=VM code, C=native code)


Current CompileTask:
C2: 533278 8887   !   4       java.io.ObjectOutputStream::writeObject0 (619 bytes)


---------------  P R O C E S S  ---------------

Java Threads: ( => current thread )
  0x0000000019829800 JavaThread "Cache worker for Build Output Cleanup Cache (D:\Photograph\Photograph\photographGet\.gradle\buildOutputCleanup)" [_thread_blocked, id=9508, stack(0x00000000238b0000,0x00000000239b0000)]
  0x0000000019829000 JavaThread "pool-2-thread-1" [_thread_blocked, id=2556, stack(0x0000000022500000,0x0000000022600000)]
  0x000000001982a800 JavaThread "Build operations Thread 4" [_thread_blocked, id=16896, stack(0x0000000021640000,0x0000000021740000)]
  0x000000001982f000 JavaThread "Build operations Thread 3" [_thread_blocked, id=16844, stack(0x0000000021340000,0x0000000021440000)]
  0x000000001982e000 JavaThread "Build operations Thread 2" [_thread_blocked, id=8432, stack(0x0000000020e40000,0x0000000020f40000)]
  0x000000001982f800 JavaThread "Build operations" [_thread_blocked, id=1904, stack(0x0000000020d40000,0x0000000020e40000)]
  0x000000001982b000 JavaThread "Cache worker for cache directory md-rule (C:\Users\lenovo\.gradle\caches\5.4.1\md-rule)" [_thread_blocked, id=1840, stack(0x0000000020c40000,0x0000000020d40000)]
  0x0000000019828000 JavaThread "Cache worker for cache directory md-supplier (C:\Users\lenovo\.gradle\caches\5.4.1\md-supplier)" [_thread_blocked, id=12384, stack(0x0000000020b40000,0x0000000020c40000)]
  0x000000001982d800 JavaThread "Cache worker for file hash cache (D:\Photograph\Photograph\photographGet\.gradle\5.4.1\fileHashes)" [_thread_blocked, id=11456, stack(0x0000000020740000,0x0000000020840000)]
  0x0000000019821800 JavaThread "Thread-32" [_thread_in_Java, id=8780, stack(0x000000001f020000,0x000000001f120000)]
  0x0000000019824800 JavaThread "Stdin handler" [_thread_blocked, id=10104, stack(0x000000001af60000,0x000000001b060000)]
  0x0000000019820800 JavaThread "Asynchronous log dispatcher for DefaultDaemonConnection: socket connection from /127.0.0.1:9893 to /127.0.0.1:10310" [_thread_blocked, id=1768, stack(0x000000001ac60000,0x000000001ad60000)]
  0x0000000019827800 JavaThread "Daemon worker Thread 2" [_thread_in_Java, id=8416, stack(0x000000001a760000,0x000000001a860000)]
  0x0000000019823800 JavaThread "Cancel handler" [_thread_blocked, id=10732, stack(0x0000000002e50000,0x0000000002f50000)]
  0x0000000019826000 JavaThread "Handler for socket connection from /127.0.0.1:9893 to /127.0.0.1:10310" [_thread_in_native, id=12756, stack(0x00000000010e0000,0x00000000011e0000)]
  0x0000000019825000 JavaThread "Daemon Thread 2" [_thread_blocked, id=7156, stack(0x0000000000fe0000,0x00000000010e0000)]
  0x000000001d49b000 JavaThread "Memory manager" [_thread_blocked, id=13048, stack(0x0000000021f40000,0x0000000022040000)]
  0x000000001d493800 JavaThread "Cache worker for execution history cache (C:\Users\lenovo\.gradle\caches\5.4.1\executionHistory)" [_thread_blocked, id=7048, stack(0x0000000020840000,0x0000000020940000)]
  0x00000000180c8800 JavaThread "Cache worker for journal cache (C:\Users\lenovo\.gradle\caches\journal-1)" [_thread_blocked, id=3832, stack(0x000000001b260000,0x000000001b360000)]
  0x00000000180c8000 JavaThread "File lock request listener" [_thread_in_native, id=5584, stack(0x000000001b160000,0x000000001b260000)]
  0x00000000180c6800 JavaThread "Cache worker for file hash cache (C:\Users\lenovo\.gradle\caches\5.4.1\fileHashes)" [_thread_blocked, id=14636, stack(0x000000001b060000,0x000000001b160000)]
  0x0000000018d88000 JavaThread "Daemon periodic checks" [_thread_blocked, id=10372, stack(0x000000001a660000,0x000000001a760000)]
  0x0000000018d85000 JavaThread "Incoming local TCP Connector on port 9893" [_thread_in_native, id=13300, stack(0x000000001a4b0000,0x000000001a5b0000)]
  0x00000000197ad800 JavaThread "Daemon health stats" [_thread_blocked, id=13316, stack(0x000000001a1b0000,0x000000001a2b0000)]
  0x0000000017f59800 JavaThread "Service Thread" daemon [_thread_blocked, id=17124, stack(0x00000000187e0000,0x00000000188e0000)]
  0x0000000017eeb000 JavaThread "C1 CompilerThread2" daemon [_thread_blocked, id=11452, stack(0x00000000186e0000,0x00000000187e0000)]
  0x0000000016bec800 JavaThread "C2 CompilerThread1" daemon [_thread_in_native, id=16888, stack(0x00000000185e0000,0x00000000186e0000)]
=>0x0000000016be8000 JavaThread "C2 CompilerThread0" daemon [_thread_in_native, id=6960, stack(0x00000000184e0000,0x00000000185e0000)]
  0x0000000016b9d800 JavaThread "Attach Listener" daemon [_thread_blocked, id=12892, stack(0x00000000183e0000,0x00000000184e0000)]
  0x0000000017ee8800 JavaThread "Signal Dispatcher" daemon [_thread_blocked, id=5596, stack(0x00000000182e0000,0x00000000183e0000)]
  0x000000000321a000 JavaThread "Finalizer" daemon [_thread_blocked, id=1576, stack(0x0000000017de0000,0x0000000017ee0000)]
  0x0000000003211000 JavaThread "Reference Handler" daemon [_thread_blocked, id=17132, stack(0x0000000017ce0000,0x0000000017de0000)]
  0x000000000301e800 JavaThread "main" [_thread_blocked, id=16652, stack(0x0000000003020000,0x0000000003120000)]

Other Threads:
  0x0000000016b56800 VMThread [stack: 0x0000000017be0000,0x0000000017ce0000] [id=17188]
  0x0000000017f5c800 WatcherThread [stack: 0x00000000188e0000,0x00000000189e0000] [id=14448]

VM state:not at safepoint (normal execution)

VM Mutex/Monitor currently owned by a thread: None

heap address: 0x00000000a0000000, size: 1536 MB, Compressed Oops mode: 32-bit
Narrow klass base: 0x0000000000000000, Narrow klass shift: 3
Compressed class space size: 1073741824 Address: 0x0000000100000000

Heap:
 PSYoungGen      total 192512K, used 99291K [0x00000000e0000000, 0x00000000edc00000, 0x0000000100000000)
  eden space 177152K, 47% used [0x00000000e0000000,0x00000000e523e5b0,0x00000000ead00000)
  from space 15360K, 98% used [0x00000000ecd00000,0x00000000edbb8820,0x00000000edc00000)
  to   space 19456K, 0% used [0x00000000eb600000,0x00000000eb600000,0x00000000ec900000)
 ParOldGen       total 89088K, used 34254K [0x00000000a0000000, 0x00000000a5700000, 0x00000000e0000000)
  object space 89088K, 38% used [0x00000000a0000000,0x00000000a2173af0,0x00000000a5700000)
 Metaspace       used 64614K, capacity 66918K, committed 67160K, reserved 1107968K
  class space    used 8437K, capacity 8997K, committed 9088K, reserved 1048576K

Card table byte_map: [0x00000000125e0000,0x00000000128f0000] byte_map_base: 0x00000000120e0000

Marking Bits: (ParMarkBitMap*) 0x00000000529d9f30
 Begin Bits: [0x0000000012ef0000, 0x00000000146f0000)
 End Bits:   [0x00000000146f0000, 0x0000000015ef0000)

Polling page: 0x0000000001290000

CodeCache: size=245760Kb used=24866Kb max_used=24866Kb free=220893Kb
 bounds [0x0000000003220000, 0x0000000004a90000, 0x0000000012220000]
 total_blobs=8576 nmethods=7781 adapters=707
 compilation: enabled

Compilation events (10 events):
Event: 533.241 Thread 0x0000000017eeb000 8932       1       org.gradle.api.internal.artifacts.dsl.ArtifactFile::getName (5 bytes)
Event: 533.241 Thread 0x0000000017eeb000 nmethod 8932 0x000000000379fa10 code [0x000000000379fb60, 0x000000000379fc70]
Event: 533.241 Thread 0x0000000017eeb000 8933       1       org.gradle.api.internal.artifacts.dsl.ArtifactFile::getClassifier (5 bytes)
Event: 533.241 Thread 0x0000000017eeb000 nmethod 8933 0x0000000004a83850 code [0x0000000004a839a0, 0x0000000004a83ab0]
Event: 533.243 Thread 0x0000000017eeb000 8934       3       org.gradle.api.internal.file.collections.FileCollectionAdapter::getFiles (10 bytes)
Event: 533.243 Thread 0x0000000017eeb000 nmethod 8934 0x0000000004a83b10 code [0x0000000004a83c80, 0x0000000004a83ea8]
Event: 533.244 Thread 0x0000000017eeb000 8935       3       com.google.common.collect.Maps::capacity (34 bytes)
Event: 533.244 Thread 0x0000000017eeb000 nmethod 8935 0x0000000004a83f50 code [0x0000000004a84100, 0x0000000004a84348]
Event: 533.245 Thread 0x0000000017eeb000 8936       3       org.gradle.internal.component.local.model.DefaultLocalComponentMetadata::addToConfigurations (13 bytes)
Event: 533.245 Thread 0x0000000017eeb000 nmethod 8936 0x0000000004a843d0 code [0x0000000004a84540, 0x0000000004a84768]

GC Heap History (10 events):
Event: 17.795 GC heap before
{Heap before GC invocations=15 (full 2):
 PSYoungGen      total 130560K, used 122368K [0x00000000e0000000, 0x00000000e9500000, 0x0000000100000000)
  eden space 122368K, 100% used [0x00000000e0000000,0x00000000e7780000,0x00000000e7780000)
  from space 8192K, 0% used [0x00000000e7f80000,0x00000000e7f80000,0x00000000e8780000)
  to   space 8192K, 0% used [0x00000000e7780000,0x00000000e7780000,0x00000000e7f80000)
 ParOldGen       total 53248K, used 17613K [0x00000000a0000000, 0x00000000a3400000, 0x00000000e0000000)
  object space 53248K, 33% used [0x00000000a0000000,0x00000000a1133468,0x00000000a3400000)
 Metaspace       used 45521K, capacity 46682K, committed 46936K, reserved 1089536K
  class space    used 6113K, capacity 6458K, committed 6528K, reserved 1048576K
Event: 17.820 GC heap after
Heap after GC invocations=15 (full 2):
 PSYoungGen      total 130560K, used 8188K [0x00000000e0000000, 0x00000000eae00000, 0x0000000100000000)
  eden space 122368K, 0% used [0x00000000e0000000,0x00000000e0000000,0x00000000e7780000)
  from space 8192K, 99% used [0x00000000e7780000,0x00000000e7f7f320,0x00000000e7f80000)
  to   space 11776K, 0% used [0x00000000ea280000,0x00000000ea280000,0x00000000eae00000)
 ParOldGen       total 53248K, used 25120K [0x00000000a0000000, 0x00000000a3400000, 0x00000000e0000000)
  object space 53248K, 47% used [0x00000000a0000000,0x00000000a18883c0,0x00000000a3400000)
 Metaspace       used 45521K, capacity 46682K, committed 46936K, reserved 1089536K
  class space    used 6113K, capacity 6458K, committed 6528K, reserved 1048576K
}
Event: 22.435 GC heap before
{Heap before GC invocations=16 (full 2):
 PSYoungGen      total 130560K, used 130556K [0x00000000e0000000, 0x00000000eae00000, 0x0000000100000000)
  eden space 122368K, 100% used [0x00000000e0000000,0x00000000e7780000,0x00000000e7780000)
  from space 8192K, 99% used [0x00000000e7780000,0x00000000e7f7f320,0x00000000e7f80000)
  to   space 11776K, 0% used [0x00000000ea280000,0x00000000ea280000,0x00000000eae00000)
 ParOldGen       total 53248K, used 25120K [0x00000000a0000000, 0x00000000a3400000, 0x00000000e0000000)
  object space 53248K, 47% used [0x00000000a0000000,0x00000000a18883c0,0x00000000a3400000)
 Metaspace       used 54974K, capacity 56720K, committed 56792K, reserved 1097728K
  class space    used 7418K, capacity 7923K, committed 7936K, reserved 1048576K
Event: 22.476 GC heap after
Heap after GC invocations=16 (full 2):
 PSYoungGen      total 160768K, used 11761K [0x00000000e0000000, 0x00000000eb800000, 0x0000000100000000)
  eden space 148992K, 0% used [0x00000000e0000000,0x00000000e0000000,0x00000000e9180000)
  from space 11776K, 99% used [0x00000000ea280000,0x00000000eadfc7a0,0x00000000eae00000)
  to   space 17408K, 0% used [0x00000000e9180000,0x00000000e9180000,0x00000000ea280000)
 ParOldGen       total 53248K, used 36095K [0x00000000a0000000, 0x00000000a3400000, 0x00000000e0000000)
  object space 53248K, 67% used [0x00000000a0000000,0x00000000a233fc38,0x00000000a3400000)
 Metaspace       used 54974K, capacity 56720K, committed 56792K, reserved 1097728K
  class space    used 7418K, capacity 7923K, committed 7936K, reserved 1048576K
}
Event: 23.143 GC heap before
{Heap before GC invocations=17 (full 2):
 PSYoungGen      total 160768K, used 43088K [0x00000000e0000000, 0x00000000eb800000, 0x0000000100000000)
  eden space 148992K, 21% used [0x00000000e0000000,0x00000000e1e97a80,0x00000000e9180000)
  from space 11776K, 99% used [0x00000000ea280000,0x00000000eadfc7a0,0x00000000eae00000)
  to   space 17408K, 0% used [0x00000000e9180000,0x00000000e9180000,0x00000000ea280000)
 ParOldGen       total 53248K, used 36095K [0x00000000a0000000, 0x00000000a3400000, 0x00000000e0000000)
  object space 53248K, 67% used [0x00000000a0000000,0x00000000a233fc38,0x00000000a3400000)
 Metaspace       used 57106K, capacity 58878K, committed 58968K, reserved 1099776K
  class space    used 7767K, capacity 8262K, committed 8320K, reserved 1048576K
Event: 23.160 GC heap after
Heap after GC invocations=17 (full 2):
 PSYoungGen      total 166400K, used 2585K [0x00000000e0000000, 0x00000000ede00000, 0x0000000100000000)
  eden space 148992K, 0% used [0x00000000e0000000,0x00000000e0000000,0x00000000e9180000)
  from space 17408K, 14% used [0x00000000e9180000,0x00000000e94064f0,0x00000000ea280000)
  to   space 17408K, 0% used [0x00000000ecd00000,0x00000000ecd00000,0x00000000ede00000)
 ParOldGen       total 53248K, used 43864K [0x00000000a0000000, 0x00000000a3400000, 0x00000000e0000000)
  object space 53248K, 82% used [0x00000000a0000000,0x00000000a2ad6120,0x00000000a3400000)
 Metaspace       used 57106K, capacity 58878K, committed 58968K, reserved 1099776K
  class space    used 7767K, capacity 8262K, committed 8320K, reserved 1048576K
}
Event: 23.160 GC heap before
{Heap before GC invocations=18 (full 3):
 PSYoungGen      total 166400K, used 2585K [0x00000000e0000000, 0x00000000ede00000, 0x0000000100000000)
  eden space 148992K, 0% used [0x00000000e0000000,0x00000000e0000000,0x00000000e9180000)
  from space 17408K, 14% used [0x00000000e9180000,0x00000000e94064f0,0x00000000ea280000)
  to   space 17408K, 0% used [0x00000000ecd00000,0x00000000ecd00000,0x00000000ede00000)
 ParOldGen       total 53248K, used 43864K [0x00000000a0000000, 0x00000000a3400000, 0x00000000e0000000)
  object space 53248K, 82% used [0x00000000a0000000,0x00000000a2ad6120,0x00000000a3400000)
 Metaspace       used 57106K, capacity 58878K, committed 58968K, reserved 1099776K
  class space    used 7767K, capacity 8262K, committed 8320K, reserved 1048576K
Event: 23.617 GC heap after
Heap after GC invocations=18 (full 3):
 PSYoungGen      total 166400K, used 0K [0x00000000e0000000, 0x00000000ede00000, 0x0000000100000000)
  eden space 148992K, 0% used [0x00000000e0000000,0x00000000e0000000,0x00000000e9180000)
  from space 17408K, 0% used [0x00000000e9180000,0x00000000e9180000,0x00000000ea280000)
  to   space 17408K, 0% used [0x00000000ecd00000,0x00000000ecd00000,0x00000000ede00000)
 ParOldGen       total 89088K, used 34246K [0x00000000a0000000, 0x00000000a5700000, 0x00000000e0000000)
  object space 89088K, 38% used [0x00000000a0000000,0x00000000a2171af0,0x00000000a5700000)
 Metaspace       used 57106K, capacity 58878K, committed 58968K, reserved 1099776K
  class space    used 7767K, capacity 8262K, committed 8320K, reserved 1048576K
}
Event: 30.876 GC heap before
{Heap before GC invocations=19 (full 3):
 PSYoungGen      total 166400K, used 148992K [0x00000000e0000000, 0x00000000ede00000, 0x0000000100000000)
  eden space 148992K, 100% used [0x00000000e0000000,0x00000000e9180000,0x00000000e9180000)
  from space 17408K, 0% used [0x00000000e9180000,0x00000000e9180000,0x00000000ea280000)
  to   space 17408K, 0% used [0x00000000ecd00000,0x00000000ecd00000,0x00000000ede00000)
 ParOldGen       total 89088K, used 34246K [0x00000000a0000000, 0x00000000a5700000, 0x00000000e0000000)
  object space 89088K, 38% used [0x00000000a0000000,0x00000000a2171af0,0x00000000a5700000)
 Metaspace       used 60481K, capacity 62616K, committed 62680K, reserved 1103872K
  class space    used 8137K, capacity 8664K, committed 8704K, reserved 1048576K
Event: 30.914 GC heap after
Heap after GC invocations=19 (full 3):
 PSYoungGen      total 192512K, used 15074K [0x00000000e0000000, 0x00000000edc00000, 0x0000000100000000)
  eden space 177152K, 0% used [0x00000000e0000000,0x00000000e0000000,0x00000000ead00000)
  from space 15360K, 98% used [0x00000000ecd00000,0x00000000edbb8820,0x00000000edc00000)
  to   space 19456K, 0% used [0x00000000eb600000,0x00000000eb600000,0x00000000ec900000)
 ParOldGen       total 89088K, used 34254K [0x00000000a0000000, 0x00000000a5700000, 0x00000000e0000000)
  object space 89088K, 38% used [0x00000000a0000000,0x00000000a2173af0,0x00000000a5700000)
 Metaspace       used 60481K, capacity 62616K, committed 62680K, reserved 1103872K
  class space    used 8137K, capacity 8664K, committed 8704K, reserved 1048576K
}

Deoptimization events (10 events):
Event: 529.906 Thread 0x0000000019827800 Uncommon trap: reason=bimorphic action=maybe_recompile pc=0x00000000037829cc method=com.google.common.cache.LocalCache$Segment.getEntry(Ljava/lang/Object;I)Lcom/google/common/cache/ReferenceEntry; @ 24
Event: 530.038 Thread 0x0000000019827800 Uncommon trap: reason=unstable_if action=reinterpret pc=0x000000000333a1a4 method=org.codehaus.plexus.util.xml.pull.MXParser.more()C @ 8
Event: 531.785 Thread 0x0000000019827800 Uncommon trap: reason=null_check action=make_not_entrant pc=0x000000000486bcfc method=sun.nio.fs.NativeBuffers.getNativeBufferFromCache(I)Lsun/nio/fs/NativeBuffer; @ 6
Event: 531.785 Thread 0x0000000019827800 Uncommon trap: reason=null_check action=make_not_entrant pc=0x00000000048b976c method=sun.nio.fs.NativeBuffers.getNativeBufferFromCache(I)Lsun/nio/fs/NativeBuffer; @ 6
Event: 531.786 Thread 0x0000000019827800 Uncommon trap: reason=null_check action=make_not_entrant pc=0x000000000484a9e0 method=sun.nio.fs.NativeBuffers.releaseNativeBuffer(Lsun/nio/fs/NativeBuffer;)V @ 6
Event: 531.875 Thread 0x0000000019827800 Uncommon trap: reason=unstable_if action=reinterpret pc=0x00000000035af6d8 method=org.gradle.internal.hash.HashCode.equals(Ljava/lang/Object;)Z @ 66
Event: 531.926 Thread 0x0000000019827800 Uncommon trap: reason=bimorphic action=maybe_recompile pc=0x00000000037829cc method=com.google.common.cache.LocalCache$Segment.getEntry(Ljava/lang/Object;I)Lcom/google/common/cache/ReferenceEntry; @ 24
Event: 531.944 Thread 0x0000000019827800 Uncommon trap: reason=bimorphic action=maybe_recompile pc=0x00000000048c4120 method=com.google.common.cache.LocalCache$Segment.getEntry(Ljava/lang/Object;I)Lcom/google/common/cache/ReferenceEntry; @ 24
Event: 532.927 Thread 0x0000000019827800 Uncommon trap: reason=null_check action=make_not_entrant pc=0x0000000004a438bc method=org.gradle.tooling.internal.provider.runner.SubtreeFilteringBuildOperationListener.started(Lorg/gradle/internal/operations/BuildOperationDescriptor;Lorg/gradle/internal/
Event: 532.929 Thread 0x0000000019827800 Uncommon trap: reason=null_check action=make_not_entrant pc=0x0000000004a2fe4c method=org.gradle.tooling.internal.provider.runner.SubtreeFilteringBuildOperationListener.finished(Lorg/gradle/internal/operations/BuildOperationDescriptor;Lorg/gradle/internal

Classes redefined (0 events):
No events

Internal exceptions (10 events):
Event: 32.300 Thread 0x0000000018f54000 Exception <a 'sun/nio/fs/WindowsException'> (0x00000000e16cd118) thrown at [D:\src\AOSP-openjdk-cygwin\jdk8u\hotspot\src\share\vm\prims\jni.cpp, line 710]
Event: 32.304 Thread 0x0000000018f54000 Exception <a 'sun/nio/fs/WindowsException'> (0x00000000e16ceb58) thrown at [D:\src\AOSP-openjdk-cygwin\jdk8u\hotspot\src\share\vm\prims\jni.cpp, line 710]
Event: 528.088 Thread 0x0000000019827800 Implicit null exception at 0x0000000004946dfe to 0x000000000494c5d9
Event: 528.478 Thread 0x0000000019827800 Implicit null exception at 0x00000000044a562f to 0x00000000044a56cd
Event: 528.479 Thread 0x0000000019827800 Implicit null exception at 0x0000000003decdef to 0x0000000003dece8d
Event: 531.785 Thread 0x0000000019827800 Implicit null exception at 0x00000000048b934a to 0x00000000048b9748
Event: 531.785 Thread 0x0000000019827800 Implicit null exception at 0x000000000484a6fb to 0x000000000484a9d0
Event: 531.952 Thread 0x0000000019827800 Exception <a 'sun/nio/fs/WindowsException'> (0x00000000e42e74b0) thrown at [D:\src\AOSP-openjdk-cygwin\jdk8u\hotspot\src\share\vm\prims\jni.cpp, line 710]
Event: 532.927 Thread 0x0000000019827800 Implicit null exception at 0x0000000004a42e71 to 0x0000000004a43899
Event: 532.929 Thread 0x0000000019827800 Implicit null exception at 0x0000000004a2f9a3 to 0x0000000004a2fe25

Events (10 events):
Event: 533.025 Thread 0x0000000017eeb000 flushing nmethod 0x0000000003a2e7d0
Event: 533.026 Thread 0x0000000017eeb000 flushing nmethod 0x0000000003b64690
Event: 533.028 Thread 0x0000000017eeb000 flushing nmethod 0x0000000003ba7690
Event: 533.028 Thread 0x0000000017eeb000 flushing nmethod 0x0000000003c71250
Event: 533.029 Thread 0x0000000017eeb000 flushing nmethod 0x0000000003d27ad0
Event: 533.029 Thread 0x0000000017eeb000 flushing nmethod 0x0000000003d35510
Event: 533.030 Thread 0x0000000017eeb000 flushing nmethod 0x0000000003eb3490
Event: 533.042 Thread 0x0000000016be8000 flushing nmethod 0x000000000409f310
Event: 533.148 Thread 0x0000000017eeb000 flushing nmethod 0x00000000041dc8d0
Event: 533.171 Thread 0x0000000017eeb000 flushing nmethod 0x00000000048b25d0


Dynamic libraries:
0x00007ff63ce40000 - 0x00007ff63ce71000 	D:\Java\JavaEE\android-studio\jre\bin\java.exe
0x00007fff9d8c0000 - 0x00007fff9dab0000 	C:\WINDOWS\SYSTEM32\ntdll.dll
0x00007fff9cab0000 - 0x00007fff9cb62000 	C:\WINDOWS\System32\KERNEL32.DLL
0x00007fff9b120000 - 0x00007fff9b3c5000 	C:\WINDOWS\System32\KERNELBASE.dll
0x00007fff9c0a0000 - 0x00007fff9c143000 	C:\WINDOWS\System32\ADVAPI32.dll
0x00007fff9c000000 - 0x00007fff9c09e000 	C:\WINDOWS\System32\msvcrt.dll
0x00007fff9d370000 - 0x00007fff9d407000 	C:\WINDOWS\System32\sechost.dll
0x00007fff9c360000 - 0x00007fff9c47f000 	C:\WINDOWS\System32\RPCRT4.dll
0x00007fff9b970000 - 0x00007fff9bb04000 	C:\WINDOWS\System32\USER32.dll
0x00007fff9a940000 - 0x00007fff9a961000 	C:\WINDOWS\System32\win32u.dll
0x00007fff9d330000 - 0x00007fff9d356000 	C:\WINDOWS\System32\GDI32.dll
0x00007fff9b7d0000 - 0x00007fff9b968000 	C:\WINDOWS\System32\gdi32full.dll
0x00007fff9b3d0000 - 0x00007fff9b46e000 	C:\WINDOWS\System32\msvcp_win.dll
0x00007fff9b550000 - 0x00007fff9b64a000 	C:\WINDOWS\System32\ucrtbase.dll
0x00007fff8cab0000 - 0x00007fff8cd34000 	C:\WINDOWS\WinSxS\amd64_microsoft.windows.common-controls_6595b64144ccf1df_6.0.18362.1500_none_9e79be6de462295c\COMCTL32.dll
0x00007fff9bc60000 - 0x00007fff9bf96000 	C:\WINDOWS\System32\combase.dll
0x00007fff9b4c0000 - 0x00007fff9b541000 	C:\WINDOWS\System32\bcryptPrimitives.dll
0x00007fff9c7b0000 - 0x00007fff9c7de000 	C:\WINDOWS\System32\IMM32.DLL
0x0000000052130000 - 0x0000000052202000 	D:\Java\JavaEE\android-studio\jre\jre\bin\msvcr100.dll
0x0000000052210000 - 0x0000000052a56000 	D:\Java\JavaEE\android-studio\jre\jre\bin\server\jvm.dll
0x00007fff9bb10000 - 0x00007fff9bb18000 	C:\WINDOWS\System32\PSAPI.DLL
0x00007fff91440000 - 0x00007fff91464000 	C:\WINDOWS\SYSTEM32\WINMM.dll
0x00007fff9a350000 - 0x00007fff9a35a000 	C:\WINDOWS\SYSTEM32\VERSION.dll
0x00007fff91410000 - 0x00007fff9143d000 	C:\WINDOWS\SYSTEM32\winmmbase.dll
0x00007fff9b470000 - 0x00007fff9b4ba000 	C:\WINDOWS\System32\cfgmgr32.dll
0x00007fff97170000 - 0x00007fff97179000 	C:\WINDOWS\SYSTEM32\WSOCK32.dll
0x00007fff9c5e0000 - 0x00007fff9c64f000 	C:\WINDOWS\System32\WS2_32.dll
0x00007fff944f0000 - 0x00007fff944ff000 	D:\Java\JavaEE\android-studio\jre\jre\bin\verify.dll
0x00007fff86290000 - 0x00007fff862b9000 	D:\Java\JavaEE\android-studio\jre\jre\bin\java.dll
0x00007fff8add0000 - 0x00007fff8ade6000 	D:\Java\JavaEE\android-studio\jre\jre\bin\zip.dll
0x00007fff9cb90000 - 0x00007fff9d278000 	C:\WINDOWS\System32\SHELL32.dll
0x00007fff9c9a0000 - 0x00007fff9ca47000 	C:\WINDOWS\System32\shcore.dll
0x00007fff9a9a0000 - 0x00007fff9b11b000 	C:\WINDOWS\System32\windows.storage.dll
0x00007fff9a810000 - 0x00007fff9a82e000 	C:\WINDOWS\System32\profapi.dll
0x00007fff9a7c0000 - 0x00007fff9a80a000 	C:\WINDOWS\System32\powrprof.dll
0x00007fff9a770000 - 0x00007fff9a780000 	C:\WINDOWS\System32\UMPDC.dll
0x00007fff9ca50000 - 0x00007fff9caa2000 	C:\WINDOWS\System32\shlwapi.dll
0x00007fff9a780000 - 0x00007fff9a791000 	C:\WINDOWS\System32\kernel.appcore.dll
0x00007fff9b7b0000 - 0x00007fff9b7c7000 	C:\WINDOWS\System32\cryptsp.dll
0x00007fff8aac0000 - 0x00007fff8aada000 	D:\Java\JavaEE\android-studio\jre\jre\bin\net.dll
0x00007fff99f40000 - 0x00007fff99fa7000 	C:\WINDOWS\system32\mswsock.dll
0x00007fff85720000 - 0x00007fff85731000 	D:\Java\JavaEE\android-studio\jre\jre\bin\nio.dll
0x00007fff92600000 - 0x00007fff92626000 	C:\Users\lenovo\.gradle\native\29\windows-amd64\native-platform.dll
0x00007fff92830000 - 0x00007fff9283d000 	D:\Java\JavaEE\android-studio\jre\jre\bin\management.dll
0x00007fff99ac0000 - 0x00007fff99af3000 	C:\WINDOWS\system32\rsaenh.dll
0x00007fff9a970000 - 0x00007fff9a996000 	C:\WINDOWS\System32\bcrypt.dll
0x00007fff9a690000 - 0x00007fff9a6b5000 	C:\WINDOWS\SYSTEM32\USERENV.dll
0x00007fff9a110000 - 0x00007fff9a11c000 	C:\WINDOWS\SYSTEM32\CRYPTBASE.dll
0x00007fff99c50000 - 0x00007fff99c8a000 	C:\WINDOWS\SYSTEM32\IPHLPAPI.DLL
0x00007fff9d360000 - 0x00007fff9d368000 	C:\WINDOWS\System32\NSI.dll
0x00007fff93ad0000 - 0x00007fff93ae6000 	C:\WINDOWS\SYSTEM32\dhcpcsvc6.DLL
0x00007fff939e0000 - 0x00007fff939fc000 	C:\WINDOWS\SYSTEM32\dhcpcsvc.DLL
0x00007fff99c90000 - 0x00007fff99d5b000 	C:\WINDOWS\SYSTEM32\DNSAPI.dll

VM Arguments:
jvm_args: -Xmx1536m -Dfile.encoding=GBK -Duser.country=CN -Duser.language=zh -Duser.variant 
java_command: org.gradle.launcher.daemon.bootstrap.GradleDaemon 5.4.1
java_class_path (initial): C:\Users\lenovo\.gradle\wrapper\dists\gradle-5.4.1-all\3221gyojl5jsh0helicew7rwx\gradle-5.4.1\lib\gradle-launcher-5.4.1.jar
Launcher Type: SUN_STANDARD

Environment Variables:
JAVA_HOME=D:\test\JDK
CLASSPATH=.;D:\test\JDK\lib\dt.jar;D:\test\JDK\lib\tools.jar
PATH=C:\Program Files (x86)\Common Files\Oracle\Java\javapath;C:\WINDOWS\system32;C:\WINDOWS;C:\WINDOWS\System32\Wbem;C:\WINDOWS\System32\WindowsPowerShell\v1.0\;C:\Program Files\Microsoft\Web Platform Installer\;C:\Program Files (x86)\Microsoft ASP.NET\ASP.NET Web Pages\v1.0\;C:\Program Files\Git\cmd;C:\Program Files\TortoiseGit\bin;D:\matlab2017a\runtime\win64;D:\matlab2017a\bin;C:\WINDOWS\System32\OpenSSH\;C:\Program Files (x86)\Microsoft SQL Server\100\Tools\Binn\;C:\Program Files\Microsoft SQL Server\100\Tools\Binn\;C:\Program Files\Microsoft SQL Server\100\DTS\Binn\;C:\Program Files (x86)\Microsoft SQL Server\100\Tools\Binn\VSShell\Common7\IDE\;C:\Program Files (x86)\Microsoft SQL Server\100\DTS\Binn\;C:\Program Files (x86)\Microsoft Visual Studio 9.0\Common7\IDE\PrivateAssemblies\;C:\Program Files (x86)\Windows Kits\8.0\Windows Performance Toolkit\;E:\Java\tomcat\apache-tomcat-8.5.65\bin;E:\Java\tomcat\apache-tomcat-8.5.65\bin;C:\Users\lenovo\AppData\Local\Microsoft\WindowsApps;D:\test\JDK\bin;E:\Spring\Maven\apache-maven-3.3.9\bin;
USERNAME=lenovo
OS=Windows_NT
PROCESSOR_IDENTIFIER=Intel64 Family 6 Model 142 Stepping 9, GenuineIntel



---------------  S Y S T E M  ---------------

OS: Windows 10.0 , 64 bit Build 18362 (10.0.18362.1500)

CPU:total 4 (initial active 4) (2 cores per cpu, 2 threads per core) family 6 model 142 stepping 9, cmov, cx8, fxsr, mmx, sse, sse2, sse3, ssse3, sse4.1, sse4.2, popcnt, avx, avx2, aes, clmul, erms, 3dnowpref, lzcnt, ht, tsc, tscinvbit, bmi1, bmi2, adx

Memory: 4k page, physical 4033548k(312148k free), swap 8498060k(4652k free)

vm_info: OpenJDK 64-Bit Server VM (25.202-b03) for windows-amd64 JRE (1.8.0_202-release-1483-b03), built by "builder" with MS VC++ 10.0 (VS2010)

time: Tue Apr 20 12:31:59 2021
timezone: 中国标准时间
elapsed time: 533 seconds (0d 0h 8m 53s)

